#
# There is insufficient memory for the Java Runtime Environment to continue.
# Native memory allocation (mmap) failed to map 123731968 bytes. Error detail: G1 virtual space
# Possible reasons:
#   The system is out of physical RAM or swap space
#   This process is running with CompressedOops enabled, and the Java Heap may be blocking the growth of the native heap
# Possible solutions:
#   Reduce memory load on the system
#   Increase physical memory or swap space
#   Check if swap backing store is full
#   Decrease Java heap size (-Xmx/-Xms)
#   Decrease number of Java threads
#   Decrease Java thread stack sizes (-Xss)
#   Set larger code cache with -XX:ReservedCodeCacheSize=
#   JVM is running with Unscaled Compressed Oops mode in which the Java heap is
#     placed in the first 4GB address space. The Java Heap base address is the
#     maximum limit for the native heap growth. Please use -XX:HeapBaseMinAddress
#     to set the Java Heap base and to place the Java Heap above 4GB virtual address.
# This output file may be truncated or incomplete.
#
#  Out of Memory Error (os_windows.cpp:3618), pid=25168, tid=892
#
# JRE version:  (17.0.15+6) (build )
# Java VM: OpenJDK 64-Bit Server VM (17.0.15+6, mixed mode, sharing, tiered, compressed oops, compressed class ptrs, g1 gc, windows-amd64)
# No core dump will be written. Minidumps are not enabled by default on client versions of Windows
#

---------------  S U M M A R Y ------------

Command Line: -Dclassworlds.conf=C:\Program Files\Apache\Maven\apache-maven-3.9.11\bin\m2.conf -Dmaven.home=C:\Program Files\Apache\Maven\apache-maven-3.9.11 -Dlibrary.jansi.path=C:\Program Files\Apache\Maven\apache-maven-3.9.11\lib\jansi-native -Dmaven.multiModuleProjectDirectory=C:\Users\Mohammad Talha\OneDrive\Documents\Sprint\project\2 Sprint org.codehaus.plexus.classworlds.launcher.Launcher clean test

Host: AMD Ryzen 7 5700U with Radeon Graphics         , 16 cores, 7G,  Windows 10 , 64 bit Build 19041 (10.0.19041.5915)
Time: Wed Jul 30 15:12:38 2025 India Standard Time elapsed time: 0.011948 seconds (0d 0h 0m 0s)

---------------  T H R E A D  ---------------

Current thread (0x000001e953b7f600):  JavaThread "Unknown thread" [_thread_in_vm, id=892, stack(0x0000004a08100000,0x0000004a08200000)]

Stack: [0x0000004a08100000,0x0000004a08200000]
Native frames: (J=compiled Java code, j=interpreted, Vv=VM code, C=native code)
V  [jvm.dll+0x682fc9]
V  [jvm.dll+0x839878]
V  [jvm.dll+0x83b323]
V  [jvm.dll+0x83b993]
V  [jvm.dll+0x24725f]
V  [jvm.dll+0x67fda9]
V  [jvm.dll+0x674c9a]
V  [jvm.dll+0x304d06]
V  [jvm.dll+0x30c1c6]
V  [jvm.dll+0x35dd4e]
V  [jvm.dll+0x35df8d]
V  [jvm.dll+0x2dc0cc]
V  [jvm.dll+0x2dcfe4]
V  [jvm.dll+0x80b7cb]
V  [jvm.dll+0x36b781]
V  [jvm.dll+0x7ea31f]
V  [jvm.dll+0x3f237e]
V  [jvm.dll+0x3f3eb1]
C  [jli.dll+0x5278]
C  [ucrtbase.dll+0x21bb2]
C  [KERNEL32.DLL+0x17374]
C  [ntdll.dll+0x4cc91]


---------------  P R O C E S S  ---------------

Threads class SMR info:
_java_thread_list=0x00007ffe6f617f58, length=0, elements={
}

Java Threads: ( => current thread )

Other Threads:
  0x000001e953bd6d50 GCTaskThread "GC Thread#0" [stack: 0x0000004a08200000,0x0000004a08300000] [id=23652]
  0x000001e953be67a0 ConcurrentGCThread "G1 Main Marker" [stack: 0x0000004a08300000,0x0000004a08400000] [id=23840]
  0x000001e953be71c0 ConcurrentGCThread "G1 Conc#0" [stack: 0x0000004a08400000,0x0000004a08500000] [id=11196]

[error occurred during error reporting (printing all threads), id 0xc0000005, EXCEPTION_ACCESS_VIOLATION (0xc0000005) at pc=0x00007ffe6edccbf7]

VM state: not at safepoint (not fully initialized)

VM Mutex/Monitor currently owned by a thread:  ([mutex/lock_event])
[0x000001e953b7b0a0] Heap_lock - owner thread: 0x000001e953b7f600

Heap address: 0x000000008a800000, size: 1880 MB, Compressed Oops mode: 32-bit

CDS archive(s) mapped at: [0x0000000000000000-0x0000000000000000-0x0000000000000000), size 0, SharedBaseAddress: 0x0000000800000000, ArchiveRelocationMode: 1.
Narrow klass base: 0x0000000000000000, Narrow klass shift: 0, Narrow klass range: 0x0

GC Precious Log:
<Empty>

Heap:
 garbage-first heap   total 0K, used 0K [0x000000008a800000, 0x0000000100000000)
  region size 1024K, 0 young (0K), 0 survivors (0K)

[error occurred during error reporting (printing heap information), id 0xc0000005, EXCEPTION_ACCESS_VIOLATION (0xc0000005) at pc=0x00007ffe6f1bc689]

GC Heap History (0 events):
No events

Dll operation events (1 events):
Event: 0.006 Loaded shared library C:\Program Files\Eclipse Adoptium\jdk-17.0.15.6-hotspot\bin\java.dll

Deoptimization events (0 events):
No events

Classes loaded (0 events):
No events

Classes unloaded (0 events):
No events

Classes redefined (0 events):
No events

Internal exceptions (0 events):
No events

VM Operations (0 events):
No events

Memory protections (0 events):
No events

Nmethod flushes (0 events):
No events

Events (0 events):
No events


Dynamic libraries:
0x00007ff6753e0000 - 0x00007ff6753ee000 	C:\Program Files\Eclipse Adoptium\jdk-17.0.15.6-hotspot\bin\java.exe
0x00007ffecd590000 - 0x00007ffecd788000 	C:\WINDOWS\SYSTEM32\ntdll.dll
0x00007ffecbf00000 - 0x00007ffecbfc2000 	C:\WINDOWS\System32\KERNEL32.DLL
0x00007ffecadf0000 - 0x00007ffecb0e6000 	C:\WINDOWS\System32\KERNELBASE.dll
0x00007ffecb4b0000 - 0x00007ffecb5b0000 	C:\WINDOWS\System32\ucrtbase.dll
0x00007ffeac1b0000 - 0x00007ffeac1ce000 	C:\Program Files\Eclipse Adoptium\jdk-17.0.15.6-hotspot\bin\VCRUNTIME140.dll
0x00007ffeac190000 - 0x00007ffeac1a7000 	C:\Program Files\Eclipse Adoptium\jdk-17.0.15.6-hotspot\bin\jli.dll
0x00007ffecb630000 - 0x00007ffecb7cd000 	C:\WINDOWS\System32\USER32.dll
0x00007ffecb1d0000 - 0x00007ffecb1f2000 	C:\WINDOWS\System32\win32u.dll
0x00007ffeb8aa0000 - 0x00007ffeb8d3a000 	C:\WINDOWS\WinSxS\amd64_microsoft.windows.common-controls_6595b64144ccf1df_6.0.19041.5915_none_60b4b9d171f9c7c7\COMCTL32.dll
0x00007ffecc120000 - 0x00007ffecc14b000 	C:\WINDOWS\System32\GDI32.dll
0x00007ffecbd30000 - 0x00007ffecbdce000 	C:\WINDOWS\System32\msvcrt.dll
0x00007ffecacd0000 - 0x00007ffecade9000 	C:\WINDOWS\System32\gdi32full.dll
0x00007ffecb200000 - 0x00007ffecb29d000 	C:\WINDOWS\System32\msvcp_win.dll
0x00007ffecbd00000 - 0x00007ffecbd2f000 	C:\WINDOWS\System32\IMM32.DLL
0x00007ffec80b0000 - 0x00007ffec80bc000 	C:\Program Files\Eclipse Adoptium\jdk-17.0.15.6-hotspot\bin\vcruntime140_1.dll
0x00007ffe7e7a0000 - 0x00007ffe7e82d000 	C:\Program Files\Eclipse Adoptium\jdk-17.0.15.6-hotspot\bin\msvcp140.dll
0x00007ffe6eae0000 - 0x00007ffe6f74b000 	C:\Program Files\Eclipse Adoptium\jdk-17.0.15.6-hotspot\bin\server\jvm.dll
0x00007ffecb7d0000 - 0x00007ffecb881000 	C:\WINDOWS\System32\ADVAPI32.dll
0x00007ffecc080000 - 0x00007ffecc11f000 	C:\WINDOWS\System32\sechost.dll
0x00007ffecc420000 - 0x00007ffecc543000 	C:\WINDOWS\System32\RPCRT4.dll
0x00007ffecb2a0000 - 0x00007ffecb2c7000 	C:\WINDOWS\System32\bcrypt.dll
0x00007ffeccfb0000 - 0x00007ffecd01b000 	C:\WINDOWS\System32\WS2_32.dll
0x00007ffeca600000 - 0x00007ffeca64b000 	C:\WINDOWS\SYSTEM32\POWRPROF.dll
0x00007ffec0770000 - 0x00007ffec0797000 	C:\WINDOWS\SYSTEM32\WINMM.dll
0x00007ffec0820000 - 0x00007ffec082a000 	C:\WINDOWS\SYSTEM32\VERSION.dll
0x00007ffeca5e0000 - 0x00007ffeca5f2000 	C:\WINDOWS\SYSTEM32\UMPDC.dll
0x00007ffec8a80000 - 0x00007ffec8a92000 	C:\WINDOWS\SYSTEM32\kernel.appcore.dll
0x00007ffec6670000 - 0x00007ffec667a000 	C:\Program Files\Eclipse Adoptium\jdk-17.0.15.6-hotspot\bin\jimage.dll
0x00007ffec6280000 - 0x00007ffec6481000 	C:\WINDOWS\SYSTEM32\DBGHELP.DLL
0x00007ffeb7140000 - 0x00007ffeb7174000 	C:\WINDOWS\SYSTEM32\dbgcore.DLL
0x00007ffecb140000 - 0x00007ffecb1c2000 	C:\WINDOWS\System32\bcryptPrimitives.dll
0x00007ffe991b0000 - 0x00007ffe991d5000 	C:\Program Files\Eclipse Adoptium\jdk-17.0.15.6-hotspot\bin\java.dll

dbghelp: loaded successfully - version: 4.0.5 - missing functions: none
symbol engine: initialized successfully - sym options: 0x614 - pdb path: .;C:\Program Files\Eclipse Adoptium\jdk-17.0.15.6-hotspot\bin;C:\WINDOWS\SYSTEM32;C:\WINDOWS\WinSxS\amd64_microsoft.windows.common-controls_6595b64144ccf1df_6.0.19041.5915_none_60b4b9d171f9c7c7;C:\Program Files\Eclipse Adoptium\jdk-17.0.15.6-hotspot\bin\server

VM Arguments:
jvm_args: -Dclassworlds.conf=C:\Program Files\Apache\Maven\apache-maven-3.9.11\bin\m2.conf -Dmaven.home=C:\Program Files\Apache\Maven\apache-maven-3.9.11 -Dlibrary.jansi.path=C:\Program Files\Apache\Maven\apache-maven-3.9.11\lib\jansi-native -Dmaven.multiModuleProjectDirectory=C:\Users\Mohammad Talha\OneDrive\Documents\Sprint\project\2 Sprint 
java_command: org.codehaus.plexus.classworlds.launcher.Launcher clean test
java_class_path (initial): C:\Program Files\Apache\Maven\apache-maven-3.9.11\boot\plexus-classworlds-2.9.0.jar
Launcher Type: SUN_STANDARD

[Global flags]
     intx CICompilerCount                          = 12                                        {product} {ergonomic}
     uint ConcGCThreads                            = 3                                         {product} {ergonomic}
     uint G1ConcRefinementThreads                  = 13                                        {product} {ergonomic}
   size_t G1HeapRegionSize                         = 1048576                                   {product} {ergonomic}
    uintx GCDrainStackTargetSize                   = 64                                        {product} {ergonomic}
   size_t InitialHeapSize                          = 123731968                                 {product} {ergonomic}
   size_t MarkStackSize                            = 4194304                                   {product} {ergonomic}
   size_t MaxHeapSize                              = 1971322880                                {product} {ergonomic}
   size_t MinHeapDeltaBytes                        = 1048576                                   {product} {ergonomic}
   size_t MinHeapSize                              = 8388608                                   {product} {ergonomic}
    uintx NonNMethodCodeHeapSize                   = 7602480                                {pd product} {ergonomic}
    uintx NonProfiledCodeHeapSize                  = 122027880                              {pd product} {ergonomic}
    uintx ProfiledCodeHeapSize                     = 122027880                              {pd product} {ergonomic}
    uintx ReservedCodeCacheSize                    = 251658240                              {pd product} {ergonomic}
     bool SegmentedCodeCache                       = true                                      {product} {ergonomic}
   size_t SoftMaxHeapSize                          = 1971322880                             {manageable} {ergonomic}
     bool UseCompressedClassPointers               = true                           {product lp64_product} {ergonomic}
     bool UseCompressedOops                        = true                           {product lp64_product} {ergonomic}
     bool UseG1GC                                  = true                                      {product} {ergonomic}
     bool UseLargePagesIndividualAllocation        = false                                  {pd product} {ergonomic}

Logging:
Log output configuration:
 #0: stdout all=warning uptime,level,tags
 #1: stderr all=off uptime,level,tags

Environment Variables:
JAVA_HOME=C:\Program Files\Eclipse Adoptium\jdk-17.0.15.6-hotspot\
PATH=C:\Program Files\Common Files\Oracle\Java\javapath;C:\Program Files\Eclipse Adoptium\jdk-17.0.15.6-hotspot\bin;C:\Python312\Scripts\;C:\Python312\;C:\WINDOWS\system32;C:\WINDOWS;C:\WINDOWS\System32\Wbem;C:\WINDOWS\System32\WindowsPowerShell\v1.0\;C:\WINDOWS\System32\OpenSSH\;C:\Program Files\dotnet\;C:\Program Files\Git\cmd;C:\Program Files\nodejs\;C:\ProgramData\chocolatey\bin;C:\Program Files\Apache\Maven\apache-maven-3.9.11\bin;C:\Users\Mohammad Talha\AppData\Local\Microsoft\WindowsApps;C:\Users\Mohammad Talha\AppData\Local\Programs\Microsoft VS Code\bin;C:\Users\Mohammad Talha\AppData\Local\GitHubDesktop\bin;C:\Users\Mohammad Talha\AppData\Roaming\npm;C:\Python312;C:\Python312\Scripts;C:\Program Files\Apache\Maven\apache-maven-3.9.11\bin;
USERNAME=Mohammad Talha
LANG=en_US.UTF-8
OS=Windows_NT
PROCESSOR_IDENTIFIER=AMD64 Family 23 Model 104 Stepping 1, AuthenticAMD
TMP=C:\Users\MOHAMM~1\AppData\Local\Temp
TEMP=C:\Users\MOHAMM~1\AppData\Local\Temp



Periodic native trim disabled


---------------  S Y S T E M  ---------------

OS:
 Windows 10 , 64 bit Build 19041 (10.0.19041.5915)
OS uptime: 0 days 5:39 hours

CPU: total 16 (initial active 16) (16 cores per cpu, 2 threads per core) family 23 model 104 stepping 1 microcode 0x0, cx8, cmov, fxsr, ht, mmx, 3dnowpref, sse, sse2, sse3, ssse3, sse4a, sse4.1, sse4.2, popcnt, lzcnt, tsc, tscinvbit, avx, avx2, aes, clmul, bmi1, bmi2, adx, sha, fma, vzeroupper, clflush, clflushopt
Processor Information for all 16 processors :
  Max Mhz: 1801, Current Mhz: 1801, Mhz Limit: 1801

Memory: 4k page, system-wide physical 7514M (358M free)
TotalPageFile size 31066M (AvailPageFile size 21M)
current process WorkingSet (physical memory assigned to process): 10M, peak: 10M
current process commit charge ("private bytes"): 70M, peak: 188M

vm_info: OpenJDK 64-Bit Server VM (17.0.15+6) for windows-amd64 JRE (17.0.15+6), built on Apr 15 2025 21:25:47 by "admin" with MS VC++ 17.7 (VS2022)

END.
